<?xml version="1.0" encoding="UTF-8"?>
<!-- Generated by org.testng.reporters.JUnitReportReporter -->
<testsuite hostname="LAPTOP-ORHF23JV" failures="0" tests="1" name="testcases.ExcelRead" time="0.436" errors="0" timestamp="2022-01-11T12:27:23 IST" skipped="0">
  <testcase classname="testcases.ExcelRead" name="Excelread" time="0.436"/>
  <system-out/>
</testsuite> <!-- testcases.ExcelRead -->
